<?xml version="1.0" encoding="UTF-8"?>
<testng-results ignored="0" total="1" passed="1" failed="0" skipped="0">
  <reporter-output>
  </reporter-output>
  <suite started-at="2021-05-31T11:34:35Z" name="Suite" finished-at="2021-05-31T11:35:00Z" duration-ms="24651">
    <groups>
    </groups>
    <test started-at="2021-05-31T11:34:35Z" name="Test" finished-at="2021-05-31T11:35:00Z" duration-ms="24651">
      <class name="com.scripts.actitime.TestActiTimeLogin">
        <test-method is-config="true" signature="openBrowser()[pri:0, instance:com.scripts.actitime.TestActiTimeLogin@6853425f]" started-at="2021-05-31T11:34:35Z" name="openBrowser" finished-at="2021-05-31T11:34:58Z" duration-ms="23185" status="PASS">
          <reporter-output>
          </reporter-output>
        </test-method> <!-- openBrowser -->
        <test-method signature="login()[pri:0, instance:com.scripts.actitime.TestActiTimeLogin@6853425f]" started-at="2021-05-31T11:34:58Z" name="login" finished-at="2021-05-31T11:35:00Z" duration-ms="1434" status="PASS">
          <reporter-output>
          </reporter-output>
        </test-method> <!-- login -->
        <test-method is-config="true" signature="closeBrowser()[pri:0, instance:com.scripts.actitime.TestActiTimeLogin@6853425f]" started-at="2021-05-31T11:35:00Z" name="closeBrowser" finished-at="2021-05-31T11:35:00Z" duration-ms="1" status="PASS">
          <reporter-output>
          </reporter-output>
        </test-method> <!-- closeBrowser -->
      </class> <!-- com.scripts.actitime.TestActiTimeLogin -->
    </test> <!-- Test -->
  </suite> <!-- Suite -->
</testng-results>
